#
# There is insufficient memory for the Java Runtime Environment to continue.
# Native memory allocation (malloc) failed to allocate 1048576 bytes for AllocateHeap
# Possible reasons:
#   The system is out of physical RAM or swap space
#   In 32 bit mode, the process size limit was hit
# Possible solutions:
#   Reduce memory load on the system
#   Increase physical memory or swap space
#   Check if swap backing store is full
#   Use 64 bit Java on a 64 bit OS
#   Decrease Java heap size (-Xmx/-Xms)
#   Decrease number of Java threads
#   Decrease Java thread stack sizes (-Xss)
#   Set larger code cache with -XX:ReservedCodeCacheSize=
# This output file may be truncated or incomplete.
#
#  Out of Memory Error (memory/allocation.inline.hpp:61), pid=53536, tid=0x000000000000f1f0
#
# JRE version:  (8.0_152-b15) (build )
# Java VM: OpenJDK 64-Bit Server VM (25.152-b15 mixed mode windows-amd64 compressed oops)
# Failed to write core dump. Minidumps are not enabled by default on client versions of Windows
#

---------------  T H R E A D  ---------------

Current thread (0x000000000192e000):  JavaThread "Unknown thread" [_thread_in_vm, id=61936, stack(0x00000000034e0000,0x00000000035e0000)]

Stack: [0x00000000034e0000,0x00000000035e0000]
[error occurred during error reporting (printing stack bounds), id 0xc0000005]

Native frames: (J=compiled Java code, j=interpreted, Vv=VM code, C=native code)


---------------  P R O C E S S  ---------------

Java Threads: ( => current thread )

Other Threads:

=>0x000000000192e000 (exited) JavaThread "Unknown thread" [_thread_in_vm, id=61936, stack(0x00000000034e0000,0x00000000035e0000)]

VM state:not at safepoint (normal execution)

VM Mutex/Monitor currently owned by a thread: None

Heap:
 PSYoungGen      total 38400K, used 665K [0x00000000d5f00000, 0x00000000d8980000, 0x0000000100000000)
  eden space 33280K, 2% used [0x00000000d5f00000,0x00000000d5fa6670,0x00000000d7f80000)
  from space 5120K, 0% used [0x00000000d8480000,0x00000000d8480000,0x00000000d8980000)
  to   space 5120K, 0% used [0x00000000d7f80000,0x00000000d7f80000,0x00000000d8480000)
 ParOldGen       total 87552K, used 0K [0x0000000081c00000, 0x0000000087180000, 0x00000000d5f00000)
  object space 87552K, 0% used [0x0000000081c00000,0x0000000081c00000,0x0000000087180000)
 Metaspace       used 772K, capacity 4480K, committed 4480K, reserved 1056768K
  class space    used 73K, capacity 384K, committed 384K, reserved 1048576K

Card table byte_map: [0x0000000012aa0000,0x0000000012ea0000] byte_map_base: 0x0000000012692000

Marking Bits: (ParMarkBitMap*) 0x0000000057b45970
 Begin Bits: [0x0000000013950000, 0x00000000158e0000)
 End Bits:   [0x00000000158e0000, 0x0000000017870000)

Polling page: 0x0000000001900000

CodeCache: size=245760Kb used=328Kb max_used=328Kb free=245431Kb
 bounds [0x00000000036e0000, 0x0000000003950000, 0x00000000126e0000]
 total_blobs=57 nmethods=0 adapters=38
 compilation: enabled

Compilation events (0 events):
No events

GC Heap History (0 events):
No events

Deoptimization events (0 events):
No events

Classes redefined (0 events):
No events

Internal exceptions (0 events):
No events

Events (10 events):
Event: 0.018 loading class java/lang/Short
Event: 0.018 loading class java/lang/Short done
Event: 0.018 loading class java/lang/Integer
Event: 0.018 loading class java/lang/Integer done
Event: 0.018 loading class java/lang/Long
Event: 0.018 loading class java/lang/Long done
Event: 0.018 loading class java/lang/NullPointerException
Event: 0.018 loading class java/lang/NullPointerException done
Event: 0.018 loading class java/lang/ArithmeticException
Event: 0.018 loading class java/lang/ArithmeticException done


Dynamic libraries:
0x00007ff66c750000 - 0x00007ff66c781000 	D:\WebStorm 2017.3.5\jre64\bin\java.exe
0x00007ffb885b0000 - 0x00007ffb88791000 	C:\WINDOWS\SYSTEM32\ntdll.dll
0x00007ffb884b0000 - 0x00007ffb88562000 	C:\WINDOWS\System32\KERNEL32.DLL
0x00007ffb85490000 - 0x00007ffb85703000 	C:\WINDOWS\System32\KERNELBASE.dll
0x00007ffb88040000 - 0x00007ffb880e1000 	C:\WINDOWS\System32\ADVAPI32.dll
0x00007ffb85b10000 - 0x00007ffb85bae000 	C:\WINDOWS\System32\msvcrt.dll
0x00007ffb85a40000 - 0x00007ffb85a9b000 	C:\WINDOWS\System32\sechost.dll
0x00007ffb87ca0000 - 0x00007ffb87dc4000 	C:\WINDOWS\System32\RPCRT4.dll
0x00007ffb87a60000 - 0x00007ffb87bf0000 	C:\WINDOWS\System32\USER32.dll
0x00007ffb84b20000 - 0x00007ffb84b40000 	C:\WINDOWS\System32\win32u.dll
0x00007ffb87df0000 - 0x00007ffb87e18000 	C:\WINDOWS\System32\GDI32.dll
0x00007ffb84980000 - 0x00007ffb84b12000 	C:\WINDOWS\System32\gdi32full.dll
0x00007ffb859a0000 - 0x00007ffb85a3f000 	C:\WINDOWS\System32\msvcp_win.dll
0x00007ffb85710000 - 0x00007ffb8580a000 	C:\WINDOWS\System32\ucrtbase.dll
0x00007ffb7a050000 - 0x00007ffb7a2b9000 	C:\WINDOWS\WinSxS\amd64_microsoft.windows.common-controls_6595b64144ccf1df_6.0.17134.112_none_fb3f961b30681c12\COMCTL32.dll
0x00007ffb86ff0000 - 0x00007ffb87313000 	C:\WINDOWS\System32\combase.dll
0x00007ffb85920000 - 0x00007ffb8599a000 	C:\WINDOWS\System32\bcryptPrimitives.dll
0x00007ffb880f0000 - 0x00007ffb8811d000 	C:\WINDOWS\System32\IMM32.DLL
0x0000000057170000 - 0x0000000057242000 	D:\WebStorm 2017.3.5\jre64\bin\msvcr100.dll
0x0000000057380000 - 0x0000000057bc0000 	D:\WebStorm 2017.3.5\jre64\bin\server\jvm.dll
0x00007ffb88300000 - 0x00007ffb88308000 	C:\WINDOWS\System32\PSAPI.DLL
0x00007ffb788c0000 - 0x00007ffb788e3000 	C:\WINDOWS\SYSTEM32\WINMM.dll
0x00007ffb6d560000 - 0x00007ffb6d569000 	C:\WINDOWS\SYSTEM32\WSOCK32.dll
0x00007ffb7a350000 - 0x00007ffb7a35a000 	C:\WINDOWS\SYSTEM32\VERSION.dll
0x00007ffb879f0000 - 0x00007ffb87a5c000 	C:\WINDOWS\System32\WS2_32.dll
0x00007ffb785b0000 - 0x00007ffb785da000 	C:\WINDOWS\SYSTEM32\WINMMBASE.dll
0x00007ffb84d30000 - 0x00007ffb84d79000 	C:\WINDOWS\System32\cfgmgr32.dll
0x00007ffb81d10000 - 0x00007ffb81d1f000 	D:\WebStorm 2017.3.5\jre64\bin\verify.dll
0x00007ffb81970000 - 0x00007ffb81999000 	D:\WebStorm 2017.3.5\jre64\bin\java.dll
0x00007ffb4f810000 - 0x00007ffb4f826000 	D:\WebStorm 2017.3.5\jre64\bin\zip.dll

VM Arguments:
java_command: org.jetbrains.git4idea.ssh.SSHMain -G git@code.aliyun.com
java_class_path (initial): D:/WebStorm 2017.3.5/plugins/git4idea/lib/git4idea-rt.jar;D:/WebStorm 2017.3.5/lib/xmlrpc-2.0.jar;D:/WebStorm 2017.3.5/lib/commons-codec-1.9.jar;D:/WebStorm 2017.3.5/lib/util.jar;D:/WebStorm 2017.3.5/lib/trilead-ssh2-build-217-jenkins-11.jar;D:/WebStorm 2017.3.5/lib/eddsa-0.2.0.jar;D:/WebStorm 2017.3.5/lib/jbcrypt-1.0.0.jar
Launcher Type: SUN_STANDARD

Environment Variables:
PATH=C:\Program Files\Git\mingw64/libexec/git-core;C:\Program Files\Git\mingw64/libexec/git-core;C:\Program Files\Git\mingw64\bin;C:\Program Files\Git\usr\bin;C:\Users\Tianyi\bin;C:\Program Files (x86)\Intel\iCLS Client\;C:\Program Files\Intel\iCLS Client\;C:\Windows\system32;C:\Windows;C:\Windows\System32\Wbem;C:\Windows\System32\WindowsPowerShell\v1.0\;C:\Program Files (x86)\Intel\Intel(R) Management Engine Components\DAL;C:\Program Files\Intel\Intel(R) Management Engine Components\DAL;C:\Program Files (x86)\Intel\Intel(R) Management Engine Components\IPT;C:\Program Files\Intel\Intel(R) Management Engine Components\IPT;C:\Program Files (x86)\NVIDIA Corporation\PhysX\Common;C:\Program Files\Intel\WiFi\bin\;C:\Program Files\Common Files\Intel\WirelessCommon\;C:\Program Files\nodejs\;C:\Program Files\TortoiseSVN\bin;C:\Program Files\Git\cmd;C:\WINDOWS\system32;C:\WINDOWS;C:\WINDOWS\System32\Wbem;C:\WINDOWS\System32\WindowsPowerShell\v1.0\;C:\WINDOWS\System32\OpenSSH\;C:\Users\Tianyi\AppData\Local\Microsoft\WindowsApps;C:\Users\Tianyi\AppData\Roaming\npm;C:\Program Files\Microsoft VS Code\bin;C:\Users\Tianyi\AppData\Local\atom\bin
USERNAME=Tianyi
OS=Windows_NT
PROCESSOR_IDENTIFIER=Intel64 Family 6 Model 142 Stepping 10, GenuineIntel



---------------  S Y S T E M  ---------------

OS: Windows 10.0 , 64 bit Build 17134 (10.0.17134.1)

CPU:total 8 (initial active 8) (4 cores per cpu, 2 threads per core) family 6 model 142 stepping 10, cmov, cx8, fxsr, mmx, sse, sse2, sse3, ssse3, sse4.1, sse4.2, popcnt, avx, avx2, aes, clmul, erms, 3dnowpref, lzcnt, ht, tsc, tscinvbit, bmi1, bmi2, adx

Memory: 4k page, physical 8269924k(910100k free), swap 16134368k(5028k free)

vm_info: OpenJDK 64-Bit Server VM (25.152-b15) for windows-amd64 JRE (1.8.0_152-release-1024-b15), built on Feb 12 2018 14:08:48 by "builduser" with MS VC++ 10.0 (VS2010)

time: Wed Jun 27 10:02:26 2018
elapsed time: 0 seconds (0d 0h 0m 0s)

